<?xml version="1.0" encoding="UTF-8"?>
<!-- Generated by org.testng.reporters.JUnitXMLReporter -->
<testsuite ignored="0" hostname="LAPTOP-L63QCRR4" failures="1" tests="11" name="Test" time="356.522" errors="0" timestamp="2024-04-11T12:42:19 IST">
  <testcase classname="batch.selenium.exe.Google" name="openGoogle" time="81.234"/>
  <testcase classname="batch.selenium.exe.Myntra" name="openMyntra" time="82.7"/>
  <testcase classname="batch.selenium.exe.MakyMyTrip" name="openMakeMyTrip" time="57.179"/>
  <testcase classname="batch.selenium.exe.amazon" name="openAmazon" time="72.771"/>
  <testcase classname="batch.selenium.exe.DemoWebShop" name="openDemoWebShop" time="18.53"/>
  <testcase classname="batch.selenium.exe.BookMyShow" name="openBookMyShow" time="36.059"/>
  <testcase classname="batch.selenium.exe.Lakme" name="openLakme" time="87.364"/>
  <testcase classname="batch.selenium.exe.Meesho" name="openMeesho" time="21.304"/>
  <testcase classname="batch.selenium.exe.Nykaa" name="openNykaa" time="15.042"/>
  <testcase classname="batch.selenium.exe.Shopsy" name="openShopsy" time="53.582"/>
  <testcase classname="batch.selenium.exe.Flipkart" name="openFlipkart" time="182.455">
    <failure type="org.openqa.selenium.TimeoutException" message="java.util.concurrent.TimeoutException
Build info: version: &amp;apos;4.16.0&amp;apos;, revision: &amp;apos;15400459dd*&amp;apos;
System info: os.name: &amp;apos;Windows 11&amp;apos;, os.arch: &amp;apos;amd64&amp;apos;, os.version: &amp;apos;10.0&amp;apos;, java.version: &amp;apos;17.0.9&amp;apos;
Driver info: org.openqa.selenium.chrome.ChromeDriver
Command: [24ac8c69a2b9c3b70fbbdb4f9a884e76, get {url=https://www.flipkart.com/}]
Capabilities {acceptInsecureCerts: false, browserName: chrome, browserVersion: 123.0.6312.106, chrome: {chromedriverVersion: 123.0.6312.122 (31f8248cdd9..., userDataDir: C:\Users\Anushree\AppData\L...}, fedcm:accounts: true, goog:chromeOptions: {debuggerAddress: localhost:58576}, networkConnectionEnabled: false, pageLoadStrategy: normal, platformName: windows, proxy: Proxy(), se:cdp: ws://localhost:58576/devtoo..., se:cdpVersion: 123.0.6312.106, setWindowRect: true, strictFileInteractability: false, timeouts: {implicit: 0, pageLoad: 300000, script: 30000}, unhandledPromptBehavior: dismiss and notify, webauthn:extension:credBlob: true, webauthn:extension:largeBlob: true, webauthn:extension:minPinLength: true, webauthn:extension:prf: true, webauthn:virtualAuthenticators: true}
Session ID: 24ac8c69a2b9c3b70fbbdb4f9a884e76">
      <![CDATA[org.openqa.selenium.TimeoutException: java.util.concurrent.TimeoutException
Build info: version: '4.16.0', revision: '15400459dd*'
System info: os.name: 'Windows 11', os.arch: 'amd64', os.version: '10.0', java.version: '17.0.9'
Driver info: org.openqa.selenium.chrome.ChromeDriver
Command: [24ac8c69a2b9c3b70fbbdb4f9a884e76, get {url=https://www.flipkart.com/}]
Capabilities {acceptInsecureCerts: false, browserName: chrome, browserVersion: 123.0.6312.106, chrome: {chromedriverVersion: 123.0.6312.122 (31f8248cdd9..., userDataDir: C:\Users\Anushree\AppData\L...}, fedcm:accounts: true, goog:chromeOptions: {debuggerAddress: localhost:58576}, networkConnectionEnabled: false, pageLoadStrategy: normal, platformName: windows, proxy: Proxy(), se:cdp: ws://localhost:58576/devtoo..., se:cdpVersion: 123.0.6312.106, setWindowRect: true, strictFileInteractability: false, timeouts: {implicit: 0, pageLoad: 300000, script: 30000}, unhandledPromptBehavior: dismiss and notify, webauthn:extension:credBlob: true, webauthn:extension:largeBlob: true, webauthn:extension:minPinLength: true, webauthn:extension:prf: true, webauthn:virtualAuthenticators: true}
Session ID: 24ac8c69a2b9c3b70fbbdb4f9a884e76
at org.openqa.selenium.remote.http.jdk.JdkHttpClient.execute0(JdkHttpClient.java:402)
at org.openqa.selenium.remote.http.AddSeleniumUserAgent.lambda$apply$0(AddSeleniumUserAgent.java:42)
at org.openqa.selenium.remote.http.Filter.lambda$andFinally$1(Filter.java:55)
at org.openqa.selenium.remote.http.jdk.JdkHttpClient.execute(JdkHttpClient.java:358)
at org.openqa.selenium.remote.HttpCommandExecutor.execute(HttpCommandExecutor.java:188)
at org.openqa.selenium.remote.service.DriverCommandExecutor.invokeExecute(DriverCommandExecutor.java:200)
at org.openqa.selenium.remote.service.DriverCommandExecutor.execute(DriverCommandExecutor.java:175)
at org.openqa.selenium.remote.RemoteWebDriver.execute(RemoteWebDriver.java:523)
at org.openqa.selenium.remote.RemoteWebDriver.get(RemoteWebDriver.java:305)
at batch.selenium.exe.Flipkart.openFlipkart(Flipkart.java:11)
at java.base/java.util.concurrent.ThreadPoolExecutor.runWorker(ThreadPoolExecutor.java:1136)
at java.base/java.util.concurrent.ThreadPoolExecutor$Worker.run(ThreadPoolExecutor.java:635)
at java.base/java.lang.Thread.run(Thread.java:840)
Caused by: java.util.concurrent.TimeoutException
at java.base/java.util.concurrent.CompletableFuture.timedGet(CompletableFuture.java:1960)
at java.base/java.util.concurrent.CompletableFuture.get(CompletableFuture.java:2095)
at org.openqa.selenium.remote.http.jdk.JdkHttpClient.execute0(JdkHttpClient.java:385)
... 24 more
... Removed 12 stack frames]]>
    </failure>
  </testcase> <!-- openFlipkart -->
</testsuite> <!-- Test -->
